<?xml version="1.0" encoding="UTF-8"?>
<!-- Generated by org.testng.reporters.JUnitReportReporter -->
<testsuite hostname="NL-PF10R29K" failures="0" tests="1" name="com.ss.qa.testcases.SearchPageTest" time="5.093" errors="0" timestamp="09 Sep 2018 10:50:20 GMT" skipped="0">
  <testcase classname="com.ss.qa.testcases.SearchPageTest" name="verifySearchStringInResults" time="5.093"/>
</testsuite> <!-- com.ss.qa.testcases.SearchPageTest -->
