<?xml version="1.0" encoding="UTF-8"?>
<!-- Generated by org.testng.reporters.JUnitReportReporter -->
<testsuite hostname="NL-PF10R29K" failures="0" tests="2" name="com.ss.qa.testcases.HomePageTest" time="33.082" errors="2" timestamp="17 Sep 2018 09:31:51 GMT" skipped="0">
  <testcase classname="com.ss.qa.testcases.HomePageTest" name="tearDown" time="0.001">
    <error type="java.lang.NullPointerException">
      <![CDATA[java.lang.NullPointerException
	at com.ss.qa.testcases.HomePageTest.tearDown(HomePageTest.java:107)
	at java.base/jdk.internal.reflect.NativeMethodAccessorImpl.invoke0(Native Method)
	at java.base/jdk.internal.reflect.NativeMethodAccessorImpl.invoke(NativeMethodAccessorImpl.java:62)
	at java.base/jdk.internal.reflect.DelegatingMethodAccessorImpl.invoke(DelegatingMethodAccessorImpl.java:43)
	at java.base/java.lang.reflect.Method.invoke(Method.java:564)
	at org.testng.internal.MethodInvocationHelper.invokeMethod(MethodInvocationHelper.java:108)
	at org.testng.internal.Invoker.invokeConfigurationMethod(Invoker.java:523)
	at org.testng.internal.Invoker.invokeConfigurations(Invoker.java:224)
	at org.testng.internal.Invoker.invokeMethod(Invoker.java:723)
	at org.testng.internal.Invoker.invokeTestMethod(Invoker.java:869)
	at org.testng.internal.Invoker.invokeTestMethods(Invoker.java:1193)
	at org.testng.internal.TestMethodWorker.invokeTestMethods(TestMethodWorker.java:126)
	at org.testng.internal.TestMethodWorker.run(TestMethodWorker.java:109)
	at org.testng.TestRunner.privateRun(TestRunner.java:744)
	at org.testng.TestRunner.run(TestRunner.java:602)
	at org.testng.SuiteRunner.runTest(SuiteRunner.java:380)
	at org.testng.SuiteRunner.runSequentially(SuiteRunner.java:375)
	at org.testng.SuiteRunner.privateRun(SuiteRunner.java:340)
	at org.testng.SuiteRunner.run(SuiteRunner.java:289)
	at org.testng.SuiteRunnerWorker.runSuite(SuiteRunnerWorker.java:52)
	at org.testng.SuiteRunnerWorker.run(SuiteRunnerWorker.java:86)
	at org.testng.TestNG.runSuitesSequentially(TestNG.java:1301)
	at org.testng.TestNG.runSuitesLocally(TestNG.java:1226)
	at org.testng.TestNG.runSuites(TestNG.java:1144)
	at org.testng.TestNG.run(TestNG.java:1115)
	at org.testng.remote.AbstractRemoteTestNG.run(AbstractRemoteTestNG.java:114)
	at org.testng.remote.RemoteTestNG.initAndRun(RemoteTestNG.java:251)
	at org.testng.remote.RemoteTestNG.main(RemoteTestNG.java:77)
]]>
    </error>
  </testcase> <!-- tearDown -->
  <testcase classname="com.ss.qa.testcases.HomePageTest" name="runFirefox" time="33.081">
    <error message="Unable to parse remote response: &lt;html&gt;&lt;head&gt;&lt;script src=&#039;/grid/resources/org/openqa/grid/images/jquery-3.1.1.min.js&#039;&gt;&lt;/script&gt;&lt;script src=&#039;/grid/resources/org/openqa/grid/images/consoleservlet.js&#039;&gt;&lt;/script&gt;&lt;link href=&#039;/grid/resources/org/openqa/grid/images/consoleservlet.css&#039; rel=&#039;stylesheet&#039; type=&#039;text/css&#039; /&gt;&lt;link href=&#039;/grid/resources/org/openqa/grid/images/favicon.ico&#039; rel=&#039;icon&#039; type=&#039;image/x-icon&#039; /&gt;&lt;title&gt;Grid Console&lt;/title&gt;&lt;style&gt;.busy { opacity : 0.4;filter: alpha(opacity=40);}&lt;/style&gt;&lt;/head&gt;&lt;body&gt;&lt;div id=&#039;main-content&#039;&gt;&lt;div id=&#039;header&#039;&gt;&lt;h1&gt;&lt;a href=&#039;/grid/console&#039;&gt;Selenium&lt;/a&gt;&lt;/h1&gt;&lt;h2&gt;Grid Console v.3.14.0&lt;/h2&gt;&lt;div&gt;&lt;a id=&#039;helplink&#039; target=&#039;_blank&#039; href=&#039;https://github.com/SeleniumHQ/selenium/wiki/Grid2&#039;&gt;Help&lt;/a&gt;&lt;/div&gt;&lt;/div&gt;&lt;div id=&#039;left-column&#039;&gt;&lt;div class=&#039;proxy&#039;&gt;&lt;p class=&#039;proxyname&#039;&gt;DefaultRemoteProxy (version : 3.14.0)&lt;p class=&#039;proxyid&#039;&gt;id : http://10.3.30.196:34894, OS : mixed OS&lt;/p&gt;&lt;div class=&#039;tabs&#039;&gt;&lt;ul&gt;&lt;li class=&#039;tab&#039; type=&#039;browsers&#039;&gt;&lt;a title=&#039;test slots&#039; href=&#039;#&#039;&gt;Browsers&lt;/a&gt;&lt;/li&gt;&lt;li class=&#039;tab&#039; type=&#039;config&#039;&gt;&lt;a title=&#039;node configuration&#039; href=&#039;#&#039;&gt;Configuration&lt;/a&gt;&lt;/li&gt;&lt;/ul&gt;&lt;/div&gt;&lt;div class=&#039;content&#039;&gt;&lt;div type=&#039;browsers&#039; class=&#039;content_detail&#039;&gt;&lt;p class=&#039;protocol&#039; &gt;WebDriver&lt;/p&gt;&lt;p&gt;v:&lt;img src=&#039;/grid/resources/org/openqa/grid/images/internet_explorer.png&#039; width=&#039;16&#039; height=&#039;16&#039; title=&#039;{server:CONFIG_UUID=287414c8-a50a-4420-bd8e-d50d64c97078, seleniumProtocol=WebDriver, browserName=internet explorer, maxInstances=1, platformName=WINDOWS, platform=WINDOWS}&#039; /&gt;
&lt;/p&gt;&lt;p&gt;v:&lt;img src=&#039;/grid/resources/org/openqa/grid/images/firefox.png&#039; width=&#039;16&#039; height=&#039;16&#039; title=&#039;{server:CONFIG_UUID=e42eddbf-34a9-4760-80f9-6b7446cc8095, seleniumProtocol=WebDriver, marionette=true, browserName=firefox, maxInstances=5, platformName=WIN10, platform=WIN10}&#039; /&gt;
&lt;img src=&#039;/grid/resources/org/openqa/grid/images/firefox.png&#039; width=&#039;16&#039; height=&#039;16&#039; title=&#039;{server:CONFIG_UUID=e42eddbf-34a9-4760-80f9-6b7446cc8095, seleniumProtocol=WebDriver, marionette=true, browserName=firefox, maxInstances=5, platformName=WIN10, platform=WIN10}&#039; /&gt;
&lt;img src=&#039;/grid/resources/org/openqa/grid/images/firefox.png&#039; width=&#039;16&#039; height=&#039;16&#039; title=&#039;{server:CONFIG_UUID=e42eddbf-34a9-4760-80f9-6b7446cc8095, seleniumProtocol=WebDriver, marionette=true, browserName=firefox, maxInstances=5, platformName=WIN10, platform=WIN10}&#039; /&gt;
&lt;img src=&#039;/grid/resources/org/openqa/grid/images/firefox.png&#039; width=&#039;16&#039; height=&#039;16&#039; title=&#039;{server:CONFIG_UUID=e42eddbf-34a9-4760-80f9-6b7446cc8095, seleniumProtocol=WebDriver, marionette=true, browserName=firefox, maxInstances=5, platformName=WIN10, platform=WIN10}&#039; /&gt;
&lt;img src=&#039;/grid/resources/org/openqa/grid/images/firefox.png&#039; width=&#039;16&#039; height=&#039;16&#039; title=&#039;{server:CONFIG_UUID=e42eddbf-34a9-4760-80f9-6b7446cc8095, seleniumProtocol=WebDriver, marionette=true, browserName=firefox, maxInstances=5, platformName=WIN10, platform=WIN10}&#039; /&gt;
&lt;/p&gt;&lt;p&gt;v:&lt;img src=&#039;/grid/resources/org/openqa/grid/images/chrome.png&#039; width=&#039;16&#039; height=&#039;16&#039; title=&#039;{server:CONFIG_UUID=cf1b5db5-b461-46a3-9ebc-658b80755517, seleniumProtocol=WebDriver, browserName=chrome, maxInstances=5, platformName=WIN10, platform=WIN10}&#039; /&gt;
&lt;img src=&#039;/grid/resources/org/openqa/grid/images/chrome.png&#039; width=&#039;16&#039; height=&#039;16&#039; title=&#039;{server:CONFIG_UUID=cf1b5db5-b461-46a3-9ebc-658b80755517, seleniumProtocol=WebDriver, browserName=chrome, maxInstances=5, platformName=WIN10, platform=WIN10}&#039; /&gt;
&lt;img src=&#039;/grid/resources/org/openqa/grid/images/chrome.png&#039; width=&#039;16&#039; height=&#039;16&#039; title=&#039;{server:CONFIG_UUID=cf1b5db5-b461-46a3-9ebc-658b80755517, seleniumProtocol=WebDriver, browserName=chrome, maxInstances=5, platformName=WIN10, platform=WIN10}&#039; /&gt;
&lt;img src=&#039;/grid/resources/org/openqa/grid/images/chrome.png&#039; width=&#039;16&#039; height=&#039;16&#039; title=&#039;{server:CONFIG_UUID=cf1b5db5-b461-46a3-9ebc-658b80755517, seleniumProtocol=WebDriver, browserName=chrome, maxInstances=5, platformName=WIN10, platform=WIN10}&#039; /&gt;
&lt;img src=&#039;/grid/resources/org/openqa/grid/images/chrome.png&#039; width=&#039;16&#039; height=&#039;16&#039; title=&#039;{server:CONFIG_UUID=cf1b5db5-b461-46a3-9ebc-658b80755517, seleniumProtocol=WebDriver, browserName=chrome, maxInstances=5, platformName=WIN10, platform=WIN10}&#039; /&gt;
&lt;/p&gt;&lt;/div&gt;&lt;div type=&#039;config&#039; class=&#039;content_detail&#039;&gt;&lt;p&gt;browserTimeout: 0&lt;/p&gt;&lt;p&gt;debug: false&lt;/p&gt;&lt;p&gt;host: 10.3.30.196&lt;/p&gt;&lt;p&gt;port: 34894&lt;/p&gt;&lt;p&gt;role: node&lt;/p&gt;&lt;p&gt;timeout: 1800&lt;/p&gt;&lt;p&gt;cleanUpCycle: 5000&lt;/p&gt;&lt;p&gt;maxSession: 5&lt;/p&gt;&lt;p&gt;capabilities: Capabilities {browserName: firefox, marionette: true, maxInstances: 5, platform: WIN10, platformName: WIN10, seleniumProtocol: WebDriver, server:CONFIG_UUID: e42eddbf-34a9-4760-80f9-6b7...}&lt;/p&gt;&lt;p&gt;capabilities: Capabilities {browserName: chrome, maxInstances: 5, platform: WIN10, platformName: WIN10, seleniumProtocol: WebDriver, server:CONFIG_UUID: cf1b5db5-b461-46a3-9ebc-658...}&lt;/p&gt;&lt;p&gt;capabilities: Capabilities {browserName: internet explorer, maxInstances: 1, platform: WINDOWS, platformName: WINDOWS, seleniumProtocol: WebDriver, server:CONFIG_UUID: 287414c8-a50a-4420-bd8e-d50...}&lt;/p&gt;&lt;p&gt;downPollingLimit: 2&lt;/p&gt;&lt;p&gt;hub: http://localhost:4444/grid/register&lt;/p&gt;&lt;p&gt;id: http://10.3.30.196:34894&lt;/p&gt;&lt;p&gt;nodePolling: 5000&lt;/p&gt;&lt;p&gt;nodeStatusCheckTimeout: 5000&lt;/p&gt;&lt;p&gt;proxy: org.openqa.grid.selenium.proxy.DefaultRemoteProxy&lt;/p&gt;&lt;p&gt;register: true&lt;/p&gt;&lt;p&gt;registerCycle: 5000&lt;/p&gt;&lt;p&gt;remoteHost: http://10.3.30.196:34894&lt;/p&gt;&lt;p&gt;unregisterIfStillDownAfter: 60000&lt;/p&gt;&lt;/div&gt;&lt;/div&gt;&lt;/div&gt;&lt;/div&gt;&lt;div id=&#039;right-column&#039;&gt;&lt;/div&gt;&lt;div class=&#039;clearfix&#039;&gt;&lt;/div&gt;&lt;div&gt;&lt;ul&gt;&lt;/ul&gt;&lt;/div&gt;&lt;a href=&#039;?config=true&amp;configDebug=true&#039;&gt;view config&lt;/a&gt;&lt;/div&gt;&lt;/body&gt;&lt;/html&gt;
Build info: version: &#039;3.4.0&#039;, revision: &#039;unknown&#039;, time: &#039;unknown&#039;
System info: host: &#039;NL-PF10R29K&#039;, ip: &#039;10.3.30.196&#039;, os.name: &#039;Windows 10&#039;, os.arch: &#039;amd64&#039;, os.version: &#039;10.0&#039;, java.version: &#039;10&#039;
Driver info: driver.version: RemoteWebDriver" type="org.openqa.selenium.WebDriverException">
      <![CDATA[org.openqa.selenium.WebDriverException: Unable to parse remote response: <html><head><script src='/grid/resources/org/openqa/grid/images/jquery-3.1.1.min.js'></script><script src='/grid/resources/org/openqa/grid/images/consoleservlet.js'></script><link href='/grid/resources/org/openqa/grid/images/consoleservlet.css' rel='stylesheet' type='text/css' /><link href='/grid/resources/org/openqa/grid/images/favicon.ico' rel='icon' type='image/x-icon' /><title>Grid Console</title><style>.busy { opacity : 0.4;filter: alpha(opacity=40);}</style></head><body><div id='main-content'><div id='header'><h1><a href='/grid/console'>Selenium</a></h1><h2>Grid Console v.3.14.0</h2><div><a id='helplink' target='_blank' href='https://github.com/SeleniumHQ/selenium/wiki/Grid2'>Help</a></div></div><div id='left-column'><div class='proxy'><p class='proxyname'>DefaultRemoteProxy (version : 3.14.0)<p class='proxyid'>id : http://10.3.30.196:34894, OS : mixed OS</p><div class='tabs'><ul><li class='tab' type='browsers'><a title='test slots' href='#'>Browsers</a></li><li class='tab' type='config'><a title='node configuration' href='#'>Configuration</a></li></ul></div><div class='content'><div type='browsers' class='content_detail'><p class='protocol' >WebDriver</p><p>v:<img src='/grid/resources/org/openqa/grid/images/internet_explorer.png' width='16' height='16' title='{server:CONFIG_UUID=287414c8-a50a-4420-bd8e-d50d64c97078, seleniumProtocol=WebDriver, browserName=internet explorer, maxInstances=1, platformName=WINDOWS, platform=WINDOWS}' />
</p><p>v:<img src='/grid/resources/org/openqa/grid/images/firefox.png' width='16' height='16' title='{server:CONFIG_UUID=e42eddbf-34a9-4760-80f9-6b7446cc8095, seleniumProtocol=WebDriver, marionette=true, browserName=firefox, maxInstances=5, platformName=WIN10, platform=WIN10}' />
<img src='/grid/resources/org/openqa/grid/images/firefox.png' width='16' height='16' title='{server:CONFIG_UUID=e42eddbf-34a9-4760-80f9-6b7446cc8095, seleniumProtocol=WebDriver, marionette=true, browserName=firefox, maxInstances=5, platformName=WIN10, platform=WIN10}' />
<img src='/grid/resources/org/openqa/grid/images/firefox.png' width='16' height='16' title='{server:CONFIG_UUID=e42eddbf-34a9-4760-80f9-6b7446cc8095, seleniumProtocol=WebDriver, marionette=true, browserName=firefox, maxInstances=5, platformName=WIN10, platform=WIN10}' />
<img src='/grid/resources/org/openqa/grid/images/firefox.png' width='16' height='16' title='{server:CONFIG_UUID=e42eddbf-34a9-4760-80f9-6b7446cc8095, seleniumProtocol=WebDriver, marionette=true, browserName=firefox, maxInstances=5, platformName=WIN10, platform=WIN10}' />
<img src='/grid/resources/org/openqa/grid/images/firefox.png' width='16' height='16' title='{server:CONFIG_UUID=e42eddbf-34a9-4760-80f9-6b7446cc8095, seleniumProtocol=WebDriver, marionette=true, browserName=firefox, maxInstances=5, platformName=WIN10, platform=WIN10}' />
</p><p>v:<img src='/grid/resources/org/openqa/grid/images/chrome.png' width='16' height='16' title='{server:CONFIG_UUID=cf1b5db5-b461-46a3-9ebc-658b80755517, seleniumProtocol=WebDriver, browserName=chrome, maxInstances=5, platformName=WIN10, platform=WIN10}' />
<img src='/grid/resources/org/openqa/grid/images/chrome.png' width='16' height='16' title='{server:CONFIG_UUID=cf1b5db5-b461-46a3-9ebc-658b80755517, seleniumProtocol=WebDriver, browserName=chrome, maxInstances=5, platformName=WIN10, platform=WIN10}' />
<img src='/grid/resources/org/openqa/grid/images/chrome.png' width='16' height='16' title='{server:CONFIG_UUID=cf1b5db5-b461-46a3-9ebc-658b80755517, seleniumProtocol=WebDriver, browserName=chrome, maxInstances=5, platformName=WIN10, platform=WIN10}' />
<img src='/grid/resources/org/openqa/grid/images/chrome.png' width='16' height='16' title='{server:CONFIG_UUID=cf1b5db5-b461-46a3-9ebc-658b80755517, seleniumProtocol=WebDriver, browserName=chrome, maxInstances=5, platformName=WIN10, platform=WIN10}' />
<img src='/grid/resources/org/openqa/grid/images/chrome.png' width='16' height='16' title='{server:CONFIG_UUID=cf1b5db5-b461-46a3-9ebc-658b80755517, seleniumProtocol=WebDriver, browserName=chrome, maxInstances=5, platformName=WIN10, platform=WIN10}' />
</p></div><div type='config' class='content_detail'><p>browserTimeout: 0</p><p>debug: false</p><p>host: 10.3.30.196</p><p>port: 34894</p><p>role: node</p><p>timeout: 1800</p><p>cleanUpCycle: 5000</p><p>maxSession: 5</p><p>capabilities: Capabilities {browserName: firefox, marionette: true, maxInstances: 5, platform: WIN10, platformName: WIN10, seleniumProtocol: WebDriver, server:CONFIG_UUID: e42eddbf-34a9-4760-80f9-6b7...}</p><p>capabilities: Capabilities {browserName: chrome, maxInstances: 5, platform: WIN10, platformName: WIN10, seleniumProtocol: WebDriver, server:CONFIG_UUID: cf1b5db5-b461-46a3-9ebc-658...}</p><p>capabilities: Capabilities {browserName: internet explorer, maxInstances: 1, platform: WINDOWS, platformName: WINDOWS, seleniumProtocol: WebDriver, server:CONFIG_UUID: 287414c8-a50a-4420-bd8e-d50...}</p><p>downPollingLimit: 2</p><p>hub: http://localhost:4444/grid/register</p><p>id: http://10.3.30.196:34894</p><p>nodePolling: 5000</p><p>nodeStatusCheckTimeout: 5000</p><p>proxy: org.openqa.grid.selenium.proxy.DefaultRemoteProxy</p><p>register: true</p><p>registerCycle: 5000</p><p>remoteHost: http://10.3.30.196:34894</p><p>unregisterIfStillDownAfter: 60000</p></div></div></div></div><div id='right-column'></div><div class='clearfix'></div><div><ul></ul></div><a href='?config=true&configDebug=true'>view config</a></div></body></html>
Build info: version: '3.4.0', revision: 'unknown', time: 'unknown'
System info: host: 'NL-PF10R29K', ip: '10.3.30.196', os.name: 'Windows 10', os.arch: 'amd64', os.version: '10.0', java.version: '10'
Driver info: driver.version: RemoteWebDriver
	at org.openqa.selenium.remote.ProtocolHandshake.createSession(ProtocolHandshake.java:353)
	at org.openqa.selenium.remote.ProtocolHandshake.createSession(ProtocolHandshake.java:159)
	at org.openqa.selenium.remote.HttpCommandExecutor.execute(HttpCommandExecutor.java:142)
	at org.openqa.selenium.remote.RemoteWebDriver.execute(RemoteWebDriver.java:637)
	at org.openqa.selenium.remote.RemoteWebDriver.startSession(RemoteWebDriver.java:250)
	at org.openqa.selenium.remote.RemoteWebDriver.startSession(RemoteWebDriver.java:236)
	at org.openqa.selenium.remote.RemoteWebDriver.<init>(RemoteWebDriver.java:137)
	at org.openqa.selenium.remote.RemoteWebDriver.<init>(RemoteWebDriver.java:174)
	at com.ss.qa.testcases.HomePageTest.runFirefox(HomePageTest.java:89)
	at java.base/jdk.internal.reflect.NativeMethodAccessorImpl.invoke0(Native Method)
	at java.base/jdk.internal.reflect.NativeMethodAccessorImpl.invoke(NativeMethodAccessorImpl.java:62)
	at java.base/jdk.internal.reflect.DelegatingMethodAccessorImpl.invoke(DelegatingMethodAccessorImpl.java:43)
	at java.base/java.lang.reflect.Method.invoke(Method.java:564)
	at org.testng.internal.MethodInvocationHelper.invokeMethod(MethodInvocationHelper.java:108)
	at org.testng.internal.Invoker.invokeMethod(Invoker.java:661)
	at org.testng.internal.Invoker.invokeTestMethod(Invoker.java:869)
	at org.testng.internal.Invoker.invokeTestMethods(Invoker.java:1193)
	at org.testng.internal.TestMethodWorker.invokeTestMethods(TestMethodWorker.java:126)
	at org.testng.internal.TestMethodWorker.run(TestMethodWorker.java:109)
	at org.testng.TestRunner.privateRun(TestRunner.java:744)
	at org.testng.TestRunner.run(TestRunner.java:602)
	at org.testng.SuiteRunner.runTest(SuiteRunner.java:380)
	at org.testng.SuiteRunner.runSequentially(SuiteRunner.java:375)
	at org.testng.SuiteRunner.privateRun(SuiteRunner.java:340)
	at org.testng.SuiteRunner.run(SuiteRunner.java:289)
	at org.testng.SuiteRunnerWorker.runSuite(SuiteRunnerWorker.java:52)
	at org.testng.SuiteRunnerWorker.run(SuiteRunnerWorker.java:86)
	at org.testng.TestNG.runSuitesSequentially(TestNG.java:1301)
	at org.testng.TestNG.runSuitesLocally(TestNG.java:1226)
	at org.testng.TestNG.runSuites(TestNG.java:1144)
	at org.testng.TestNG.run(TestNG.java:1115)
	at org.testng.remote.AbstractRemoteTestNG.run(AbstractRemoteTestNG.java:114)
	at org.testng.remote.RemoteTestNG.initAndRun(RemoteTestNG.java:251)
	at org.testng.remote.RemoteTestNG.main(RemoteTestNG.java:77)
]]>
    </error>
  </testcase> <!-- runFirefox -->
</testsuite> <!-- com.ss.qa.testcases.HomePageTest -->
