<?xml version="1.0" encoding="UTF-8"?>
<!-- Generated by org.testng.reporters.JUnitReportReporter -->
<testsuite hostname="NL-PF10R29K" failures="0" tests="1" name="com.ss.qa.testcases.RegistrationPageTest" time="6.331" errors="0" timestamp="09 Sep 2018 08:39:33 GMT" skipped="0">
  <testcase classname="com.ss.qa.testcases.RegistrationPageTest" name="validateRegisterNewUser" time="6.331"/>
</testsuite> <!-- com.ss.qa.testcases.RegistrationPageTest -->
