<?xml version="1.0" encoding="UTF-8"?>
<!-- Generated by org.testng.reporters.JUnitReportReporter -->
<testsuite hostname="NL-PF10R29K" failures="0" tests="2" name="com.ss.qa.testcases.CarDetailPageTest" time="21.225" errors="0" timestamp="23 Sep 2018 17:35:59 GMT" skipped="0">
  <testcase classname="com.ss.qa.testcases.CarDetailPageTest" name="validateRegisterNewUser" time="12.580"/>
  <testcase classname="com.ss.qa.testcases.CarDetailPageTest" name="validateRegisterNewUser" time="8.645"/>
</testsuite> <!-- com.ss.qa.testcases.CarDetailPageTest -->
